Added Member To Class: ClassName=Sheet2.SchDoc Member=Component *J1 UFL_Connector
Added Member To Class: ClassName=Prototype_1 Member=Component BT1 BH-18650-PC
Added Member To Class: ClassName=Prototype_1 Member=Component C1 GRM155R71H471KA01D
Added Member To Class: ClassName=Prototype_1 Member=Component C2 GRM155R71H471KA01D
Added Member To Class: ClassName=Prototype_1 Member=Component C3 GRM155R71H471KA01D
Added Member To Class: ClassName=Prototype_1 Member=Component C4 GRM155R71H471KA01D
Added Member To Class: ClassName=Sheet2.SchDoc Member=Component C5 .1uF
Added Member To Class: ClassName=Sheet2.SchDoc Member=Component C6 .1uF
Added Member To Class: ClassName=Sheet2.SchDoc Member=Component C7 .1uF
Added Member To Class: ClassName=Sheet2.SchDoc Member=Component C8 22uF
Added Member To Class: ClassName=Sheet2.SchDoc Member=Component C9 1uF
Added Member To Class: ClassName=Prototype_1 Member=Component D1 1SS315TPH3F
Added Member To Class: ClassName=Sheet2.SchDoc Member=Component HM1 HDC1080DMBT
Added Member To Class: ClassName=Prototype_1 Member=Component IC1 TPS61291DRVT
Added Member To Class: ClassName=Sheet2.SchDoc Member=Component IC2 XCC1352R1F3RGZR
Added Member To Class: ClassName=Prototype_1 Member=Component J1 87898-0204
Added Member To Class: ClassName=Sheet2.SchDoc Member=Component J1 Header_Pin_6
Added Member To Class: ClassName=Prototype_1 Member=Component J2 87898-0204
Added Member To Class: ClassName=Sheet2.SchDoc Member=Component J2 Header_Pin_6
Added Member To Class: ClassName=Prototype_1 Member=Component L1 VLF302515MT-3R3M
Added Member To Class: ClassName=Prototype_1 Member=Component R1 1 ohm
Added Member To Class: ClassName=Sheet2.SchDoc Member=Component R2 4.7k
Added Member To Class: ClassName=Sheet2.SchDoc Member=Component R3 4.7k
Added Member To Class: ClassName=Prototype_1 Member=Component R4 10k
Added Member To Class: ClassName=Prototype_1 Member=Component R5 0
Added Member To Class: ClassName=Prototype_1 Member=Component R6 0
Added Member To Class: ClassName=Prototype_1 Member=Component R7 0
Added Member To Class: ClassName=Sheet2.SchDoc Member=Component R8 100k
Added Member To Class: ClassName=Prototype_1 Member=Component S1 TPS22860DBVR
Added Member To Class: ClassName=Prototype_1 Member=Component U1 TPL5111DDCR
Added Member To Class: ClassName=Prototype_1 Member=Component U2 BHX1-2032-PC
Added Member To Class: ClassName=Prototype_1 Member=Component VR1 3362P-1-101LF
Added Member To Class: ClassName=Sheet2.SchDoc Member=Component Y1 CX2016DB48000C0FPLC1
Added Member To Class: ClassName=Sheet2.SchDoc Member=Component Y2 FC-135_32.7680KA-AG0
Added Room: Name=Prototype_1
Added Room: Name=Sheet2.SchDoc
