Added Component: Designator=*1(Header_Pin_6)
Add component. Clean all parameters for all variants
Added Component: Designator=*2(Header_Pin_6)
Add component. Clean all parameters for all variants
Added Component: Designator=*J1(UFL_Connector)
Add component. Clean all parameters for all variants
Added Component: Designator=*(Header_Pin_6)
Add component. Clean all parameters for all variants
Added Component: Designator=BT1(BH18650PC)
Add component. Clean all parameters for all variants
Add component (AddParameter): Name = "Datasheet Link"; Value = "http://www.memoryprotectiondevices.com/datasheets/BH-18650-PC-datasheet.pdf"; VariantName = "[No Variations]"
Add component (AddParameter): Name = "Height"; Value = "21.31mm"; VariantName = "[No Variations]"
Add component (AddParameter): Name = "Manufacturer_Name"; Value = "MPD (Memory Protection Devices)"; VariantName = "[No Variations]"
Add component (AddParameter): Name = "Manufacturer_Part_Number"; Value = "BH-18650-PC"; VariantName = "[No Variations]"
Add component (AddParameter): Name = "Mouser Part Number"; Value = ""; VariantName = "[No Variations]"
Add component (AddParameter): Name = "Mouser Price/Stock"; Value = ""; VariantName = "[No Variations]"
Add component (AddParameter): Name = "RS Part Number"; Value = ""; VariantName = "[No Variations]"
Add component (AddParameter): Name = "RS Price/Stock"; Value = ""; VariantName = "[No Variations]"
Added Component: Designator=C1(CAPC1005X55N)
Add component. Clean all parameters for all variants
Add component (AddParameter): Name = "Datasheet Link"; Value = "http://www.murata.com/~/media/webrenewal/support/library/catalog/products/capacitor/mlcc/c02e.pdf"; VariantName = "[No Variations]"
Add component (AddParameter): Name = "Height"; Value = "0.55mm"; VariantName = "[No Variations]"
Add component (AddParameter): Name = "Manufacturer_Name"; Value = "Murata Electronics"; VariantName = "[No Variations]"
Add component (AddParameter): Name = "Manufacturer_Part_Number"; Value = "GRM155R71H471KA01D"; VariantName = "[No Variations]"
Add component (AddParameter): Name = "Mouser Part Number"; Value = "81-GRM36X471K50"; VariantName = "[No Variations]"
Add component (AddParameter): Name = "Mouser Price/Stock"; Value = "https://www.mouser.com/Search/Refine.aspx?Keyword=81-GRM36X471K50"; VariantName = "[No Variations]"
Add component (AddParameter): Name = "RS Part Number"; Value = "7235301"; VariantName = "[No Variations]"
Add component (AddParameter): Name = "RS Price/Stock"; Value = "https://uk.rs-online.com/web/p/products/7235301"; VariantName = "[No Variations]"
Added Component: Designator=C2(CAPC1005X55N)
Add component. Clean all parameters for all variants
Add component (AddParameter): Name = "Datasheet Link"; Value = "http://www.murata.com/~/media/webrenewal/support/library/catalog/products/capacitor/mlcc/c02e.pdf"; VariantName = "[No Variations]"
Add component (AddParameter): Name = "Height"; Value = "0.55mm"; VariantName = "[No Variations]"
Add component (AddParameter): Name = "Manufacturer_Name"; Value = "Murata Electronics"; VariantName = "[No Variations]"
Add component (AddParameter): Name = "Manufacturer_Part_Number"; Value = "GRM155R71H471KA01D"; VariantName = "[No Variations]"
Add component (AddParameter): Name = "Mouser Part Number"; Value = "81-GRM36X471K50"; VariantName = "[No Variations]"
Add component (AddParameter): Name = "Mouser Price/Stock"; Value = "https://www.mouser.com/Search/Refine.aspx?Keyword=81-GRM36X471K50"; VariantName = "[No Variations]"
Add component (AddParameter): Name = "RS Part Number"; Value = "7235301"; VariantName = "[No Variations]"
Add component (AddParameter): Name = "RS Price/Stock"; Value = "https://uk.rs-online.com/web/p/products/7235301"; VariantName = "[No Variations]"
Added Component: Designator=C3(CAPC1005X55N)
Add component. Clean all parameters for all variants
Add component (AddParameter): Name = "Datasheet Link"; Value = "http://www.murata.com/~/media/webrenewal/support/library/catalog/products/capacitor/mlcc/c02e.pdf"; VariantName = "[No Variations]"
Add component (AddParameter): Name = "Height"; Value = "0.55mm"; VariantName = "[No Variations]"
Add component (AddParameter): Name = "Manufacturer_Name"; Value = "Murata Electronics"; VariantName = "[No Variations]"
Add component (AddParameter): Name = "Manufacturer_Part_Number"; Value = "GRM155R71H471KA01D"; VariantName = "[No Variations]"
Add component (AddParameter): Name = "Mouser Part Number"; Value = "81-GRM36X471K50"; VariantName = "[No Variations]"
Add component (AddParameter): Name = "Mouser Price/Stock"; Value = "https://www.mouser.com/Search/Refine.aspx?Keyword=81-GRM36X471K50"; VariantName = "[No Variations]"
Add component (AddParameter): Name = "RS Part Number"; Value = "7235301"; VariantName = "[No Variations]"
Add component (AddParameter): Name = "RS Price/Stock"; Value = "https://uk.rs-online.com/web/p/products/7235301"; VariantName = "[No Variations]"
Added Component: Designator=C4(CAPC1005X55N)
Add component. Clean all parameters for all variants
Add component (AddParameter): Name = "Datasheet Link"; Value = "http://www.murata.com/~/media/webrenewal/support/library/catalog/products/capacitor/mlcc/c02e.pdf"; VariantName = "[No Variations]"
Add component (AddParameter): Name = "Height"; Value = "0.55mm"; VariantName = "[No Variations]"
Add component (AddParameter): Name = "Manufacturer_Name"; Value = "Murata Electronics"; VariantName = "[No Variations]"
Add component (AddParameter): Name = "Manufacturer_Part_Number"; Value = "GRM155R71H471KA01D"; VariantName = "[No Variations]"
Add component (AddParameter): Name = "Mouser Part Number"; Value = "81-GRM36X471K50"; VariantName = "[No Variations]"
Add component (AddParameter): Name = "Mouser Price/Stock"; Value = "https://www.mouser.com/Search/Refine.aspx?Keyword=81-GRM36X471K50"; VariantName = "[No Variations]"
Add component (AddParameter): Name = "RS Part Number"; Value = "7235301"; VariantName = "[No Variations]"
Add component (AddParameter): Name = "RS Price/Stock"; Value = "https://uk.rs-online.com/web/p/products/7235301"; VariantName = "[No Variations]"
Added Component: Designator=C5(CAPC1608X90X35ML10T15)
Add component. Clean all parameters for all variants
Add component (AddParameter): Name = "Capacitance"; Value = "22pF"; VariantName = "[No Variations]"
Add component (AddParameter): Name = "Case Size/Dimension"; Value = "0603"; VariantName = "[No Variations]"
Add component (AddParameter): Name = "Datasheet URL"; Value = "https://datasheet.ciiva.com/11786/0900766b807a1cab-11786398.pdf"; VariantName = "[No Variations]"
Add component (AddParameter): Name = "Datasheet Version"; Value = "Jul-06"; VariantName = "[No Variations]"
Add component (AddParameter): Name = "Dielectric"; Value = "C0G"; VariantName = "[No Variations]"
Add component (AddParameter): Name = "Manufacturer"; Value = "Murata"; VariantName = "[No Variations]"
Add component (AddParameter): Name = "Manufacturer URL"; Value = "http://www.murata.com/"; VariantName = "[No Variations]"
Add component (AddParameter): Name = "Package Description"; Value = "2-Pin Surface Mount Device, Body 1.6 x 0.8 mm"; VariantName = "[No Variations]"
Add component (AddParameter): Name = "Package Reference"; Value = "603"; VariantName = "[No Variations]"
Add component (AddParameter): Name = "Rated Voltage"; Value = "50V"; VariantName = "[No Variations]"
Add component (AddParameter): Name = "Tolerance (%)"; Value = "±5%"; VariantName = "[No Variations]"
Added Component: Designator=C6(CAPC1608X90X35ML10T15)
Add component. Clean all parameters for all variants
Add component (AddParameter): Name = "Capacitance"; Value = "22pF"; VariantName = "[No Variations]"
Add component (AddParameter): Name = "Case Size/Dimension"; Value = "0603"; VariantName = "[No Variations]"
Add component (AddParameter): Name = "Datasheet URL"; Value = "https://datasheet.ciiva.com/11786/0900766b807a1cab-11786398.pdf"; VariantName = "[No Variations]"
Add component (AddParameter): Name = "Datasheet Version"; Value = "Jul-06"; VariantName = "[No Variations]"
Add component (AddParameter): Name = "Dielectric"; Value = "C0G"; VariantName = "[No Variations]"
Add component (AddParameter): Name = "Manufacturer"; Value = "Murata"; VariantName = "[No Variations]"
Add component (AddParameter): Name = "Manufacturer URL"; Value = "http://www.murata.com/"; VariantName = "[No Variations]"
Add component (AddParameter): Name = "Package Description"; Value = "2-Pin Surface Mount Device, Body 1.6 x 0.8 mm"; VariantName = "[No Variations]"
Add component (AddParameter): Name = "Package Reference"; Value = "603"; VariantName = "[No Variations]"
Add component (AddParameter): Name = "Rated Voltage"; Value = "50V"; VariantName = "[No Variations]"
Add component (AddParameter): Name = "Tolerance (%)"; Value = "±5%"; VariantName = "[No Variations]"
Added Component: Designator=C7(CAPC1608X90X35ML10T15)
Add component. Clean all parameters for all variants
Add component (AddParameter): Name = "Capacitance"; Value = "22pF"; VariantName = "[No Variations]"
Add component (AddParameter): Name = "Case Size/Dimension"; Value = "0603"; VariantName = "[No Variations]"
Add component (AddParameter): Name = "Datasheet URL"; Value = "https://datasheet.ciiva.com/11786/0900766b807a1cab-11786398.pdf"; VariantName = "[No Variations]"
Add component (AddParameter): Name = "Datasheet Version"; Value = "Jul-06"; VariantName = "[No Variations]"
Add component (AddParameter): Name = "Dielectric"; Value = "C0G"; VariantName = "[No Variations]"
Add component (AddParameter): Name = "Manufacturer"; Value = "Murata"; VariantName = "[No Variations]"
Add component (AddParameter): Name = "Manufacturer URL"; Value = "http://www.murata.com/"; VariantName = "[No Variations]"
Add component (AddParameter): Name = "Package Description"; Value = "2-Pin Surface Mount Device, Body 1.6 x 0.8 mm"; VariantName = "[No Variations]"
Add component (AddParameter): Name = "Package Reference"; Value = "603"; VariantName = "[No Variations]"
Add component (AddParameter): Name = "Rated Voltage"; Value = "50V"; VariantName = "[No Variations]"
Add component (AddParameter): Name = "Tolerance (%)"; Value = "±5%"; VariantName = "[No Variations]"
Added Component: Designator=C8(CAPC1608X90X35ML10T15)
Add component. Clean all parameters for all variants
Add component (AddParameter): Name = "Capacitance"; Value = "22pF"; VariantName = "[No Variations]"
Add component (AddParameter): Name = "Case Size/Dimension"; Value = "0603"; VariantName = "[No Variations]"
Add component (AddParameter): Name = "Datasheet URL"; Value = "https://datasheet.ciiva.com/11786/0900766b807a1cab-11786398.pdf"; VariantName = "[No Variations]"
Add component (AddParameter): Name = "Datasheet Version"; Value = "Jul-06"; VariantName = "[No Variations]"
Add component (AddParameter): Name = "Dielectric"; Value = "C0G"; VariantName = "[No Variations]"
Add component (AddParameter): Name = "Manufacturer"; Value = "Murata"; VariantName = "[No Variations]"
Add component (AddParameter): Name = "Manufacturer URL"; Value = "http://www.murata.com/"; VariantName = "[No Variations]"
Add component (AddParameter): Name = "Package Description"; Value = "2-Pin Surface Mount Device, Body 1.6 x 0.8 mm"; VariantName = "[No Variations]"
Add component (AddParameter): Name = "Package Reference"; Value = "603"; VariantName = "[No Variations]"
Add component (AddParameter): Name = "Rated Voltage"; Value = "50V"; VariantName = "[No Variations]"
Add component (AddParameter): Name = "Tolerance (%)"; Value = "±5%"; VariantName = "[No Variations]"
Added Component: Designator=C9(CAPC1608X90X35ML10T15)
Add component. Clean all parameters for all variants
Add component (AddParameter): Name = "Capacitance"; Value = "22pF"; VariantName = "[No Variations]"
Add component (AddParameter): Name = "Case Size/Dimension"; Value = "0603"; VariantName = "[No Variations]"
Add component (AddParameter): Name = "Datasheet URL"; Value = "https://datasheet.ciiva.com/11786/0900766b807a1cab-11786398.pdf"; VariantName = "[No Variations]"
Add component (AddParameter): Name = "Datasheet Version"; Value = "Jul-06"; VariantName = "[No Variations]"
Add component (AddParameter): Name = "Dielectric"; Value = "C0G"; VariantName = "[No Variations]"
Add component (AddParameter): Name = "Manufacturer"; Value = "Murata"; VariantName = "[No Variations]"
Add component (AddParameter): Name = "Manufacturer URL"; Value = "http://www.murata.com/"; VariantName = "[No Variations]"
Add component (AddParameter): Name = "Package Description"; Value = "2-Pin Surface Mount Device, Body 1.6 x 0.8 mm"; VariantName = "[No Variations]"
Add component (AddParameter): Name = "Package Reference"; Value = "603"; VariantName = "[No Variations]"
Add component (AddParameter): Name = "Rated Voltage"; Value = "50V"; VariantName = "[No Variations]"
Add component (AddParameter): Name = "Tolerance (%)"; Value = "±5%"; VariantName = "[No Variations]"
Added Component: Designator=D1(SOD2513X110N)
Add component. Clean all parameters for all variants
Add component (AddParameter): Name = "Datasheet Link"; Value = "http://toshiba.semicon-storage.com/info/docget.jsp?did=2666&prodName=1SS315"; VariantName = "[No Variations]"
Add component (AddParameter): Name = "Height"; Value = "1.1mm"; VariantName = "[No Variations]"
Add component (AddParameter): Name = "Manufacturer_Name"; Value = "Toshiba"; VariantName = "[No Variations]"
Add component (AddParameter): Name = "Manufacturer_Part_Number"; Value = "1SS315TPH3F"; VariantName = "[No Variations]"
Add component (AddParameter): Name = "Mouser Part Number"; Value = "757-1SS315TPH3F"; VariantName = "[No Variations]"
Add component (AddParameter): Name = "Mouser Price/Stock"; Value = "https://www.mouser.com/Search/Refine.aspx?Keyword=757-1SS315TPH3F"; VariantName = "[No Variations]"
Add component (AddParameter): Name = "RS Part Number"; Value = ""; VariantName = "[No Variations]"
Add component (AddParameter): Name = "RS Price/Stock"; Value = ""; VariantName = "[No Variations]"
Added Component: Designator=HM1(SON100P300X300X80-7N)
Add component. Clean all parameters for all variants
Add component (AddParameter): Name = "Datasheet Link"; Value = "http://www.mouser.com/ds/2/405/hdc1080-844688.pdf"; VariantName = "[No Variations]"
Add component (AddParameter): Name = "Height"; Value = "0.8mm"; VariantName = "[No Variations]"
Add component (AddParameter): Name = "Manufacturer_Name"; Value = "Texas Instruments"; VariantName = "[No Variations]"
Add component (AddParameter): Name = "Manufacturer_Part_Number"; Value = "HDC1080DMBT"; VariantName = "[No Variations]"
Add component (AddParameter): Name = "Mouser Part Number"; Value = "595-HDC1080DMBT"; VariantName = "[No Variations]"
Add component (AddParameter): Name = "Mouser Price/Stock"; Value = "https://www.mouser.com/Search/Refine.aspx?Keyword=595-HDC1080DMBT"; VariantName = "[No Variations]"
Add component (AddParameter): Name = "RS Part Number"; Value = "1330170P"; VariantName = "[No Variations]"
Add component (AddParameter): Name = "RS Price/Stock"; Value = "http://uk.rs-online.com/web/p/products/1330170P"; VariantName = "[No Variations]"
Added Component: Designator=IC1(SON65P200X200X80-7N)
Add component. Clean all parameters for all variants
Add component (AddParameter): Name = "Datasheet Link"; Value = "http://uk.rs-online.com/web/p/products/9143112P"; VariantName = "[No Variations]"
Add component (AddParameter): Name = "Height"; Value = "0.8mm"; VariantName = "[No Variations]"
Add component (AddParameter): Name = "Manufacturer_Name"; Value = "Texas Instruments"; VariantName = "[No Variations]"
Add component (AddParameter): Name = "Manufacturer_Part_Number"; Value = "TPS61291DRVT"; VariantName = "[No Variations]"
Add component (AddParameter): Name = "Mouser Part Number"; Value = "595-TPS61291DRVT"; VariantName = "[No Variations]"
Add component (AddParameter): Name = "Mouser Price/Stock"; Value = "https://www.mouser.com/Search/Refine.aspx?Keyword=595-TPS61291DRVT"; VariantName = "[No Variations]"
Add component (AddParameter): Name = "RS Part Number"; Value = "9143112P"; VariantName = "[No Variations]"
Add component (AddParameter): Name = "RS Price/Stock"; Value = "http://uk.rs-online.com/web/p/products/9143112P"; VariantName = "[No Variations]"
Added Component: Designator=IC2(QFN50P700X700X100-49N-D)
Add component. Clean all parameters for all variants
Add component (AddParameter): Name = "Datasheet Link"; Value = "http://www.ti.com/lit/gpn/cc1352r"; VariantName = "[No Variations]"
Add component (AddParameter): Name = "Height"; Value = "1mm"; VariantName = "[No Variations]"
Add component (AddParameter): Name = "Manufacturer_Name"; Value = "Texas Instruments"; VariantName = "[No Variations]"
Add component (AddParameter): Name = "Manufacturer_Part_Number"; Value = "XCC1352R1F3RGZR"; VariantName = "[No Variations]"
Add component (AddParameter): Name = "Mouser Part Number"; Value = ""; VariantName = "[No Variations]"
Add component (AddParameter): Name = "Mouser Price/Stock"; Value = ""; VariantName = "[No Variations]"
Add component (AddParameter): Name = "RS Part Number"; Value = ""; VariantName = "[No Variations]"
Add component (AddParameter): Name = "RS Price/Stock"; Value = ""; VariantName = "[No Variations]"
Added Component: Designator=J1(878980204)
Add component. Clean all parameters for all variants
Add component (AddParameter): Name = "Allied_Number"; Value = "70967354"; VariantName = "[No Variations]"
Add component (AddParameter): Name = "Allied Price/Stock"; Value = "https://www.alliedelec.com/molex-incorporated-87898-0204/70967354/"; VariantName = "[No Variations]"
Add component (AddParameter): Name = "Datasheet Link"; Value = "https://www.molex.com/pdm_docs/sd/878980204_sd.pdf"; VariantName = "[No Variations]"
Add component (AddParameter): Name = "Height"; Value = "8.33mm"; VariantName = "[No Variations]"
Add component (AddParameter): Name = "Manufacturer_Name"; Value = "Molex"; VariantName = "[No Variations]"
Add component (AddParameter): Name = "Manufacturer_Part_Number"; Value = "87898-0204"; VariantName = "[No Variations]"
Add component (AddParameter): Name = "Mouser Part Number"; Value = "538-87898-0204"; VariantName = "[No Variations]"
Add component (AddParameter): Name = "Mouser Price/Stock"; Value = "https://www.mouser.com/Search/Refine.aspx?Keyword=538-87898-0204"; VariantName = "[No Variations]"
Add component (AddParameter): Name = "RS Part Number"; Value = ""; VariantName = "[No Variations]"
Add component (AddParameter): Name = "RS Price/Stock"; Value = ""; VariantName = "[No Variations]"
Added Component: Designator=J2(878980204)
Add component. Clean all parameters for all variants
Add component (AddParameter): Name = "Allied_Number"; Value = "70967354"; VariantName = "[No Variations]"
Add component (AddParameter): Name = "Allied Price/Stock"; Value = "https://www.alliedelec.com/molex-incorporated-87898-0204/70967354/"; VariantName = "[No Variations]"
Add component (AddParameter): Name = "Datasheet Link"; Value = "https://www.molex.com/pdm_docs/sd/878980204_sd.pdf"; VariantName = "[No Variations]"
Add component (AddParameter): Name = "Height"; Value = "8.33mm"; VariantName = "[No Variations]"
Add component (AddParameter): Name = "Manufacturer_Name"; Value = "Molex"; VariantName = "[No Variations]"
Add component (AddParameter): Name = "Manufacturer_Part_Number"; Value = "87898-0204"; VariantName = "[No Variations]"
Add component (AddParameter): Name = "Mouser Part Number"; Value = "538-87898-0204"; VariantName = "[No Variations]"
Add component (AddParameter): Name = "Mouser Price/Stock"; Value = "https://www.mouser.com/Search/Refine.aspx?Keyword=538-87898-0204"; VariantName = "[No Variations]"
Add component (AddParameter): Name = "RS Part Number"; Value = ""; VariantName = "[No Variations]"
Add component (AddParameter): Name = "RS Price/Stock"; Value = ""; VariantName = "[No Variations]"
Added Component: Designator=L1(VLF302515MT)
Add component. Clean all parameters for all variants
Add component (AddParameter): Name = "Datasheet Link"; Value = "https://product.tdk.com/info/en/documents/wdcatalog/withdrawn_inductor_commercial_power_vlf302515mt_en.pdf"; VariantName = "[No Variations]"
Add component (AddParameter): Name = "Manufacturer_Name"; Value = "TDK"; VariantName = "[No Variations]"
Add component (AddParameter): Name = "Manufacturer_Part_Number"; Value = "VLF302515MT-3R3M"; VariantName = "[No Variations]"
Add component (AddParameter): Name = "Mouser Part Number"; Value = "810-VLF302515MT-3R3M"; VariantName = "[No Variations]"
Add component (AddParameter): Name = "Mouser Price/Stock"; Value = "https://www.mouser.com/Search/Refine.aspx?Keyword=810-VLF302515MT-3R3M"; VariantName = "[No Variations]"
Add component (AddParameter): Name = "RS Part Number"; Value = ""; VariantName = "[No Variations]"
Add component (AddParameter): Name = "RS Price/Stock"; Value = ""; VariantName = "[No Variations]"
Added Component: Designator=L2(SMD 0603_A)
Add component. Clean all parameters for all variants
Add component (AddParameter): Name = "ComponentLink1Description"; Value = "Manufacturer URL"; VariantName = "[No Variations]"
Add component (AddParameter): Name = "ComponentLink1URL"; Value = "http://www.we-online.com"; VariantName = "[No Variations]"
Add component (AddParameter): Name = "ComponentLink2Description"; Value = "Datasheet"; VariantName = "[No Variations]"
Add component (AddParameter): Name = "ComponentLink2URL"; Value = "http://katalog.we-online.de/kataloge/eisos/media/pdf/74479763147.pdf"; VariantName = "[No Variations]"
Add component (AddParameter): Name = "Inductance"; Value = "0.47 ÂµH"; VariantName = "[No Variations]"
Add component (AddParameter): Name = "Manufacturer"; Value = "Wuerth Elektronik"; VariantName = "[No Variations]"
Add component (AddParameter): Name = "PackageReference"; Value = "SMD 0603_A"; VariantName = "[No Variations]"
Add component (AddParameter): Name = "PartNumber"; Value = "74479763147"; VariantName = "[No Variations]"
Added Component: Designator=L3(SMD 0603_A)
Add component. Clean all parameters for all variants
Add component (AddParameter): Name = "ComponentLink1Description"; Value = "Manufacturer URL"; VariantName = "[No Variations]"
Add component (AddParameter): Name = "ComponentLink1URL"; Value = "http://www.we-online.com"; VariantName = "[No Variations]"
Add component (AddParameter): Name = "ComponentLink2Description"; Value = "Datasheet"; VariantName = "[No Variations]"
Add component (AddParameter): Name = "ComponentLink2URL"; Value = "http://katalog.we-online.de/kataloge/eisos/media/pdf/74479763147.pdf"; VariantName = "[No Variations]"
Add component (AddParameter): Name = "Inductance"; Value = "0.47 ÂµH"; VariantName = "[No Variations]"
Add component (AddParameter): Name = "Manufacturer"; Value = "Wuerth Elektronik"; VariantName = "[No Variations]"
Add component (AddParameter): Name = "PackageReference"; Value = "SMD 0603_A"; VariantName = "[No Variations]"
Add component (AddParameter): Name = "PartNumber"; Value = "74479763147"; VariantName = "[No Variations]"
Added Component: Designator=R1(RESC1609X50X30LL10T20)
Add component. Clean all parameters for all variants
Add component (AddParameter): Name = "Manufacturer"; Value = "Vishay Dale"; VariantName = "[No Variations]"
Add component (AddParameter): Name = "Part Number"; Value = "CRCW0603100KFKEA"; VariantName = "[No Variations]"
Added Component: Designator=R2(RESC1609X50X30LL10T20)
Add component. Clean all parameters for all variants
Add component (AddParameter): Name = "Manufacturer"; Value = "Vishay Dale"; VariantName = "[No Variations]"
Add component (AddParameter): Name = "Part Number"; Value = "CRCW0603100KFKEA"; VariantName = "[No Variations]"
Added Component: Designator=R3(RESC1609X50X30LL10T20)
Add component. Clean all parameters for all variants
Add component (AddParameter): Name = "Manufacturer"; Value = "Vishay Dale"; VariantName = "[No Variations]"
Add component (AddParameter): Name = "Part Number"; Value = "CRCW0603100KFKEA"; VariantName = "[No Variations]"
Added Component: Designator=R4(RESC1609X50X30LL10T20)
Add component. Clean all parameters for all variants
Add component (AddParameter): Name = "Manufacturer"; Value = "Vishay Dale"; VariantName = "[No Variations]"
Add component (AddParameter): Name = "Part Number"; Value = "CRCW0603100KFKEA"; VariantName = "[No Variations]"
Added Component: Designator=R5(RESC1609X50X30LL10T20)
Add component. Clean all parameters for all variants
Add component (AddParameter): Name = "Manufacturer"; Value = "Vishay Dale"; VariantName = "[No Variations]"
Add component (AddParameter): Name = "Part Number"; Value = "CRCW0603100KFKEA"; VariantName = "[No Variations]"
Added Component: Designator=R6(RESC1609X50X30LL10T20)
Add component. Clean all parameters for all variants
Add component (AddParameter): Name = "Manufacturer"; Value = "Vishay Dale"; VariantName = "[No Variations]"
Add component (AddParameter): Name = "Part Number"; Value = "CRCW0603100KFKEA"; VariantName = "[No Variations]"
Added Component: Designator=R7(RESC1609X50X30LL10T20)
Add component. Clean all parameters for all variants
Add component (AddParameter): Name = "Manufacturer"; Value = "Vishay Dale"; VariantName = "[No Variations]"
Add component (AddParameter): Name = "Part Number"; Value = "CRCW0603100KFKEA"; VariantName = "[No Variations]"
Added Component: Designator=R8(RESC1609X50X30LL10T20)
Add component. Clean all parameters for all variants
Add component (AddParameter): Name = "Manufacturer"; Value = "Vishay Dale"; VariantName = "[No Variations]"
Add component (AddParameter): Name = "Part Number"; Value = "CRCW0603100KFKEA"; VariantName = "[No Variations]"
Added Component: Designator=S1(SOT95P280X145-6N)
Add component. Clean all parameters for all variants
Add component (AddParameter): Name = "Datasheet Link"; Value = "http://www.ti.com/lit/gpn/tps22860"; VariantName = "[No Variations]"
Add component (AddParameter): Name = "Height"; Value = "1.45mm"; VariantName = "[No Variations]"
Add component (AddParameter): Name = "Manufacturer_Name"; Value = "Texas Instruments"; VariantName = "[No Variations]"
Add component (AddParameter): Name = "Manufacturer_Part_Number"; Value = "TPS22860DBVR"; VariantName = "[No Variations]"
Add component (AddParameter): Name = "Mouser Part Number"; Value = "595-TPS22860DBVR"; VariantName = "[No Variations]"
Add component (AddParameter): Name = "Mouser Price/Stock"; Value = "https://www.mouser.com/Search/Refine.aspx?Keyword=595-TPS22860DBVR"; VariantName = "[No Variations]"
Add component (AddParameter): Name = "RS Part Number"; Value = ""; VariantName = "[No Variations]"
Add component (AddParameter): Name = "RS Price/Stock"; Value = ""; VariantName = "[No Variations]"
Added Component: Designator=U1(SOT95P280X110-6N)
Add component. Clean all parameters for all variants
Add component (AddParameter): Name = "Datasheet Link"; Value = "http://www.ti.com/lit/ds/symlink/tpl5111.pdf"; VariantName = "[No Variations]"
Add component (AddParameter): Name = "Height"; Value = "1.1mm"; VariantName = "[No Variations]"
Add component (AddParameter): Name = "Manufacturer_Name"; Value = "Texas Instruments"; VariantName = "[No Variations]"
Add component (AddParameter): Name = "Manufacturer_Part_Number"; Value = "TPL5111DDCR"; VariantName = "[No Variations]"
Add component (AddParameter): Name = "Mouser Part Number"; Value = "595-TPL5111DDCR"; VariantName = "[No Variations]"
Add component (AddParameter): Name = "Mouser Price/Stock"; Value = "https://www.mouser.com/Search/Refine.aspx?Keyword=595-TPL5111DDCR"; VariantName = "[No Variations]"
Add component (AddParameter): Name = "RS Part Number"; Value = ""; VariantName = "[No Variations]"
Add component (AddParameter): Name = "RS Price/Stock"; Value = ""; VariantName = "[No Variations]"
Added Component: Designator=U2(BHX12032PC)
Add component. Clean all parameters for all variants
Add component (AddParameter): Name = "Datasheet Link"; Value = "http://www.memoryprotectiondevices.com/datasheets/BHX1-2032-PC-datasheet.pdf"; VariantName = "[No Variations]"
Add component (AddParameter): Name = "Height"; Value = "4.16mm"; VariantName = "[No Variations]"
Add component (AddParameter): Name = "Manufacturer_Name"; Value = "MPD (Memory Protection Devices)"; VariantName = "[No Variations]"
Add component (AddParameter): Name = "Manufacturer_Part_Number"; Value = "BHX1-2032-PC"; VariantName = "[No Variations]"
Add component (AddParameter): Name = "Mouser Part Number"; Value = ""; VariantName = "[No Variations]"
Add component (AddParameter): Name = "Mouser Price/Stock"; Value = ""; VariantName = "[No Variations]"
Add component (AddParameter): Name = "RS Part Number"; Value = ""; VariantName = "[No Variations]"
Add component (AddParameter): Name = "RS Price/Stock"; Value = ""; VariantName = "[No Variations]"
Added Component: Designator=VR1(3362P1101LF)
Add component. Clean all parameters for all variants
Add component (AddParameter): Name = "Allied_Number"; Value = "70154047"; VariantName = "[No Variations]"
Add component (AddParameter): Name = "Allied Price/Stock"; Value = "https://www.alliedelec.com/bourns-3362p-1-101lf/70154047/"; VariantName = "[No Variations]"
Add component (AddParameter): Name = "Datasheet Link"; Value = "https://www.bourns.com/docs/Product-Datasheets/3362.pdf"; VariantName = "[No Variations]"
Add component (AddParameter): Name = "Height"; Value = "4.95mm"; VariantName = "[No Variations]"
Add component (AddParameter): Name = "Manufacturer_Name"; Value = "Bourns"; VariantName = "[No Variations]"
Add component (AddParameter): Name = "Manufacturer_Part_Number"; Value = "3362P-1-101LF"; VariantName = "[No Variations]"
Add component (AddParameter): Name = "Mouser Part Number"; Value = "652-3362P-1-101LF"; VariantName = "[No Variations]"
Add component (AddParameter): Name = "Mouser Price/Stock"; Value = "https://www.mouser.com/Search/Refine.aspx?Keyword=652-3362P-1-101LF"; VariantName = "[No Variations]"
Add component (AddParameter): Name = "RS Part Number"; Value = "5220877P"; VariantName = "[No Variations]"
Add component (AddParameter): Name = "RS Price/Stock"; Value = "http://uk.rs-online.com/web/p/products/5220877P"; VariantName = "[No Variations]"
Added Component: Designator=Y1(CX2016DB48000C0FPLC1)
Add component. Clean all parameters for all variants
Add component (AddParameter): Name = "Datasheet Link"; Value = "https://componentsearchengine.com/Datasheets/1/CX2016DB48000C0FPLC1.pdf"; VariantName = "[No Variations]"
Add component (AddParameter): Name = "Manufacturer_Name"; Value = "Kyocera Electronic Components"; VariantName = "[No Variations]"
Add component (AddParameter): Name = "Manufacturer_Part_Number"; Value = "CX2016DB48000C0FPLC1"; VariantName = "[No Variations]"
Add component (AddParameter): Name = "Mouser Part Number"; Value = "581-CX2016DB48CFPLC1"; VariantName = "[No Variations]"
Add component (AddParameter): Name = "Mouser Price/Stock"; Value = "https://www.mouser.com/Search/Refine.aspx?Keyword=581-CX2016DB48CFPLC1"; VariantName = "[No Variations]"
Add component (AddParameter): Name = "RS Part Number"; Value = ""; VariantName = "[No Variations]"
Add component (AddParameter): Name = "RS Price/Stock"; Value = ""; VariantName = "[No Variations]"
Added Component: Designator=Y2(FC135327680KAAG0)
Add component. Clean all parameters for all variants
Add component (AddParameter): Name = "Datasheet Link"; Value = "https://support.epson.biz/td/api/doc_check.php?dl=brief_FC-135&lang=en/.pdf"; VariantName = "[No Variations]"
Add component (AddParameter): Name = "Height"; Value = "0mm"; VariantName = "[No Variations]"
Add component (AddParameter): Name = "Manufacturer_Name"; Value = "Epson Timing"; VariantName = "[No Variations]"
Add component (AddParameter): Name = "Manufacturer_Part_Number"; Value = "FC-135 32.7680KA-AG0"; VariantName = "[No Variations]"
Add component (AddParameter): Name = "Mouser Part Number"; Value = "732-FC135-32.76KAAG0"; VariantName = "[No Variations]"
Add component (AddParameter): Name = "Mouser Price/Stock"; Value = "https://www.mouser.com/Search/Refine.aspx?Keyword=732-FC135-32.76KAAG0"; VariantName = "[No Variations]"
Add component (AddParameter): Name = "RS Part Number"; Value = ""; VariantName = "[No Variations]"
Add component (AddParameter): Name = "RS Price/Stock"; Value = ""; VariantName = "[No Variations]"
Added Pin To Net: NetName=DONE Pin=IC2-12
Added Pin To Net: NetName=DONE Pin=R4-1
Added Pin To Net: NetName=DONE Pin=U1-4
Added Net: Name=DONE
Added Pin To Net: NetName=GND Pin=*2-6
Added Pin To Net: NetName=GND Pin=*-1
Added Pin To Net: NetName=GND Pin=*J1-1
Added Pin To Net: NetName=GND Pin=*J1-2
Added Pin To Net: NetName=GND Pin=C1-2
Added Pin To Net: NetName=GND Pin=C2-2
Added Pin To Net: NetName=GND Pin=C3-2
Added Pin To Net: NetName=GND Pin=C4-2
Added Pin To Net: NetName=GND Pin=C5-1
Added Pin To Net: NetName=GND Pin=C6-1
Added Pin To Net: NetName=GND Pin=C7-1
Added Pin To Net: NetName=GND Pin=C8-1
Added Pin To Net: NetName=GND Pin=C9-1
Added Pin To Net: NetName=GND Pin=HM1-2
Added Pin To Net: NetName=GND Pin=HM1-7
Added Pin To Net: NetName=GND Pin=IC1-6
Added Pin To Net: NetName=GND Pin=IC1-7
Added Pin To Net: NetName=GND Pin=IC2-2
Added Pin To Net: NetName=GND Pin=IC2-49
Added Pin To Net: NetName=GND Pin=R1-1
Added Pin To Net: NetName=GND Pin=R4-2
Added Pin To Net: NetName=GND Pin=R5-1
Added Pin To Net: NetName=GND Pin=S1-2
Added Pin To Net: NetName=GND Pin=U1-2
Added Pin To Net: NetName=GND Pin=VR1-2
Added Net: Name=GND
Added Pin To Net: NetName=GPIO1 Pin=*1-3
Added Pin To Net: NetName=GPIO1 Pin=IC2-29
Added Net: Name=GPIO1
Added Pin To Net: NetName=GPIO2 Pin=*1-4
Added Pin To Net: NetName=GPIO2 Pin=IC2-28
Added Net: Name=GPIO2
Added Pin To Net: NetName=GPIO3 Pin=*1-5
Added Pin To Net: NetName=GPIO3 Pin=IC2-27
Added Net: Name=GPIO3
Added Pin To Net: NetName=GPIO4 Pin=*1-6
Added Pin To Net: NetName=GPIO4 Pin=IC2-26
Added Net: Name=GPIO4
Added Pin To Net: NetName=GPIO5 Pin=*2-2
Added Pin To Net: NetName=GPIO5 Pin=IC2-32
Added Net: Name=GPIO5
Added Pin To Net: NetName=GPIO6 Pin=*2-3
Added Pin To Net: NetName=GPIO6 Pin=IC2-31
Added Net: Name=GPIO6
Added Pin To Net: NetName=GPIO7 Pin=*2-4
Added Pin To Net: NetName=GPIO7 Pin=IC2-30
Added Net: Name=GPIO7
Added Pin To Net: NetName=I2C_SCL Pin=*-5
Added Pin To Net: NetName=I2C_SCL Pin=HM1-6
Added Pin To Net: NetName=I2C_SCL Pin=IC2-9
Added Pin To Net: NetName=I2C_SCL Pin=R3-1
Added Net: Name=I2C_SCL
Added Pin To Net: NetName=I2C_SDA Pin=*-6
Added Pin To Net: NetName=I2C_SDA Pin=HM1-1
Added Pin To Net: NetName=I2C_SDA Pin=IC2-10
Added Pin To Net: NetName=I2C_SDA Pin=R2-1
Added Net: Name=I2C_SDA
Added Pin To Net: NetName=JTAG_TCKC Pin=*1-1
Added Pin To Net: NetName=JTAG_TCKC Pin=IC2-25
Added Net: Name=JTAG_TCKC
Added Pin To Net: NetName=JTAG_TMSC Pin=*1-2
Added Pin To Net: NetName=JTAG_TMSC Pin=IC2-24
Added Net: Name=JTAG_TMSC
Added Pin To Net: NetName=NetBT1_1 Pin=BT1-1
Added Pin To Net: NetName=NetBT1_1 Pin=R1-2
Added Pin To Net: NetName=NetBT1_1 Pin=U2-1
Added Net: Name=NetBT1_1
Added Pin To Net: NetName=NetBT1_2 Pin=BT1-2
Added Pin To Net: NetName=NetBT1_2 Pin=D1-2
Added Pin To Net: NetName=NetBT1_2 Pin=U2-2
Added Net: Name=NetBT1_2
Added Pin To Net: NetName=NetC9_2 Pin=C9-2
Added Pin To Net: NetName=NetC9_2 Pin=IC2-23
Added Net: Name=NetC9_2
Added Pin To Net: NetName=NetD1_1 Pin=D1-1
Added Pin To Net: NetName=NetD1_1 Pin=J2-1
Added Net: Name=NetD1_1
Added Pin To Net: NetName=NetIC1_4 Pin=IC1-4
Added Pin To Net: NetName=NetIC1_4 Pin=R6-2
Added Net: Name=NetIC1_4
Added Pin To Net: NetName=NetIC1_5 Pin=IC1-5
Added Pin To Net: NetName=NetIC1_5 Pin=R5-2
Added Net: Name=NetIC1_5
Added Pin To Net: NetName=NetIC2_6 Pin=IC2-6
Added Pin To Net: NetName=NetIC2_6 Pin=Y2-2
Added Net: Name=NetIC2_6
Added Pin To Net: NetName=NetIC2_7 Pin=IC2-7
Added Pin To Net: NetName=NetIC2_7 Pin=Y2-1
Added Net: Name=NetIC2_7
Added Pin To Net: NetName=NetIC2_34 Pin=IC2-34
Added Pin To Net: NetName=NetIC2_34 Pin=R8-2
Added Net: Name=NetIC2_34
Added Pin To Net: NetName=NetIC2_46 Pin=IC2-46
Added Pin To Net: NetName=NetIC2_46 Pin=Y1-3
Added Net: Name=NetIC2_46
Added Pin To Net: NetName=NetIC2_47 Pin=IC2-47
Added Pin To Net: NetName=NetIC2_47 Pin=Y1-1
Added Net: Name=NetIC2_47
Added Pin To Net: NetName=NetR7_2 Pin=R7-2
Added Pin To Net: NetName=NetR7_2 Pin=S1-6
Added Net: Name=NetR7_2
Added Pin To Net: NetName=NetU1_3 Pin=U1-3
Added Pin To Net: NetName=NetU1_3 Pin=VR1-3
Added Net: Name=NetU1_3
Added Pin To Net: NetName=RESET_N Pin=*2-1
Added Pin To Net: NetName=RESET_N Pin=IC2-35
Added Net: Name=RESET_N
Added Pin To Net: NetName=RF_P_2_4 Pin=*J1-3
Added Pin To Net: NetName=RF_P_2_4 Pin=IC2-1
Added Net: Name=RF_P_2_4
Added Pin To Net: NetName=TPL_DRV Pin=R6-1
Added Pin To Net: NetName=TPL_DRV Pin=R7-1
Added Pin To Net: NetName=TPL_DRV Pin=U1-5
Added Net: Name=TPL_DRV
Added Pin To Net: NetName=UART_RX Pin=*-3
Added Pin To Net: NetName=UART_RX Pin=IC2-18
Added Net: Name=UART_RX
Added Pin To Net: NetName=UART_TX Pin=*-4
Added Pin To Net: NetName=UART_TX Pin=IC2-19
Added Net: Name=UART_TX
Added Pin To Net: NetName=V_L Pin=IC1-1
Added Pin To Net: NetName=V_L Pin=L1-2
Added Net: Name=V_L
Added Pin To Net: NetName=V_switch Pin=*-2
Added Pin To Net: NetName=V_switch Pin=HM1-5
Added Pin To Net: NetName=V_switch Pin=J1-1
Added Pin To Net: NetName=V_switch Pin=L2-1
Added Pin To Net: NetName=V_switch Pin=L3-1
Added Pin To Net: NetName=V_switch Pin=R2-2
Added Pin To Net: NetName=V_switch Pin=R3-2
Added Pin To Net: NetName=V_switch Pin=S1-1
Added Net: Name=V_switch
Added Pin To Net: NetName=VCC3V3 Pin=C1-1
Added Pin To Net: NetName=VCC3V3 Pin=IC1-2
Added Pin To Net: NetName=VCC3V3 Pin=J1-2
Added Pin To Net: NetName=VCC3V3 Pin=S1-4
Added Pin To Net: NetName=VCC3V3 Pin=S1-5
Added Pin To Net: NetName=VCC3V3 Pin=U1-1
Added Pin To Net: NetName=VCC3V3 Pin=U1-6
Added Net: Name=VCC3V3
Added Pin To Net: NetName=VDDS Pin=*2-5
Added Pin To Net: NetName=VDDS Pin=C5-2
Added Pin To Net: NetName=VDDS Pin=C6-2
Added Pin To Net: NetName=VDDS Pin=C7-2
Added Pin To Net: NetName=VDDS Pin=C8-2
Added Pin To Net: NetName=VDDS Pin=IC2-13
Added Pin To Net: NetName=VDDS Pin=IC2-22
Added Pin To Net: NetName=VDDS Pin=IC2-44
Added Pin To Net: NetName=VDDS Pin=IC2-48
Added Pin To Net: NetName=VDDS Pin=L3-2
Added Pin To Net: NetName=VDDS Pin=R8-1
Added Net: Name=VDDS
Added Pin To Net: NetName=Vin Pin=C2-1
Added Pin To Net: NetName=Vin Pin=C3-1
Added Pin To Net: NetName=Vin Pin=C4-1
Added Pin To Net: NetName=Vin Pin=IC1-3
Added Pin To Net: NetName=Vin Pin=J2-2
Added Pin To Net: NetName=Vin Pin=L1-1
Added Net: Name=Vin
Added Class: Name=Prototype_1
Added Class: Name=Sheet2.SchDoc
Added Room: Name=Prototype_1
Added Room: Name=Sheet2.SchDoc
